{"/Users/kristenhallstrom/Documents/turing/mod4/dragMe/DragMe-FE/actions/index.js": {"path":"/Users/kristenhallstrom/Documents/turing/mod4/dragMe/DragMe-FE/actions/index.js","statementMap":{"0":{"start":{"line":1,"column":24},"end":{"line":4,"column":2}},"1":{"start":{"line":1,"column":36},"end":{"line":4,"column":1}},"2":{"start":{"line":6,"column":25},"end":{"line":9,"column":2}},"3":{"start":{"line":6,"column":36},"end":{"line":9,"column":1}},"4":{"start":{"line":11,"column":24},"end":{"line":14,"column":2}},"5":{"start":{"line":11,"column":36},"end":{"line":14,"column":1}}},"fnMap":{"0":{"name":"(anonymous_0)","decl":{"start":{"line":1,"column":24},"end":{"line":1,"column":25}},"loc":{"start":{"line":1,"column":36},"end":{"line":4,"column":1}},"line":1},"1":{"name":"(anonymous_1)","decl":{"start":{"line":6,"column":25},"end":{"line":6,"column":26}},"loc":{"start":{"line":6,"column":36},"end":{"line":9,"column":1}},"line":6},"2":{"name":"(anonymous_2)","decl":{"start":{"line":11,"column":24},"end":{"line":11,"column":25}},"loc":{"start":{"line":11,"column":36},"end":{"line":14,"column":1}},"line":11}},"branchMap":{},"s":{"0":5,"1":2,"2":5,"3":2,"4":5,"5":2},"f":{"0":2,"1":2,"2":2},"b":{},"_coverageSchema":"43e27e138ebf9cfc5966b082cf9a028302ed4184","hash":"2b3c74b2f2ec3e07502040f733af5f7784fc7d00"}
,"/Users/kristenhallstrom/Documents/turing/mod4/dragMe/DragMe-FE/components/LogoTitle.js": {"path":"/Users/kristenhallstrom/Documents/turing/mod4/dragMe/DragMe-FE/components/LogoTitle.js","statementMap":{"0":{"start":{"line":6,"column":4},"end":{"line":11,"column":6}}},"fnMap":{"0":{"name":"(anonymous_0)","decl":{"start":{"line":5,"column":2},"end":{"line":5,"column":3}},"loc":{"start":{"line":5,"column":11},"end":{"line":12,"column":3}},"line":5}},"branchMap":{},"s":{"0":0},"f":{"0":0},"b":{},"_coverageSchema":"43e27e138ebf9cfc5966b082cf9a028302ed4184","hash":"dd5e2d118eabaa7e018ec06383a955a4ccd7e4a3"}
,"/Users/kristenhallstrom/Documents/turing/mod4/dragMe/DragMe-FE/components/ResultCard.js": {"path":"/Users/kristenhallstrom/Documents/turing/mod4/dragMe/DragMe-FE/components/ResultCard.js","statementMap":{"0":{"start":{"line":6,"column":19},"end":{"line":31,"column":1}},"1":{"start":{"line":7,"column":47},"end":{"line":7,"column":57}},"2":{"start":{"line":8,"column":51},"end":{"line":8,"column":62}},"3":{"start":{"line":9,"column":15},"end":{"line":9,"column":41}},"4":{"start":{"line":10,"column":15},"end":{"line":10,"column":41}},"5":{"start":{"line":11,"column":2},"end":{"line":30,"column":4}},"6":{"start":{"line":14,"column":21},"end":{"line":14,"column":62}},"7":{"start":{"line":33,"column":20},"end":{"line":52,"column":2}}},"fnMap":{"0":{"name":"(anonymous_0)","decl":{"start":{"line":6,"column":19},"end":{"line":6,"column":20}},"loc":{"start":{"line":6,"column":30},"end":{"line":31,"column":1}},"line":6},"1":{"name":"(anonymous_1)","decl":{"start":{"line":14,"column":15},"end":{"line":14,"column":16}},"loc":{"start":{"line":14,"column":21},"end":{"line":14,"column":62}},"line":14}},"branchMap":{},"s":{"0":1,"1":0,"2":0,"3":0,"4":0,"5":0,"6":0,"7":1},"f":{"0":0,"1":0},"b":{},"_coverageSchema":"43e27e138ebf9cfc5966b082cf9a028302ed4184","hash":"c2b65b275e30c469d2ddd67c7f4cede678e24cfc"}
,"/Users/kristenhallstrom/Documents/turing/mod4/dragMe/DragMe-FE/components/StyledText.js": {"path":"/Users/kristenhallstrom/Documents/turing/mod4/dragMe/DragMe-FE/components/StyledText.js","statementMap":{"0":{"start":{"line":5,"column":2},"end":{"line":7,"column":4}}},"fnMap":{"0":{"name":"MonoText","decl":{"start":{"line":4,"column":16},"end":{"line":4,"column":24}},"loc":{"start":{"line":4,"column":32},"end":{"line":8,"column":1}},"line":4}},"branchMap":{},"s":{"0":1},"f":{"0":1},"b":{},"_coverageSchema":"43e27e138ebf9cfc5966b082cf9a028302ed4184","hash":"b9d5dbe197ded8a4a2649671fd4be229108df637"}
,"/Users/kristenhallstrom/Documents/turing/mod4/dragMe/DragMe-FE/components/header.js": {"path":"/Users/kristenhallstrom/Documents/turing/mod4/dragMe/DragMe-FE/components/header.js","statementMap":{"0":{"start":{"line":5,"column":22},"end":{"line":12,"column":1}}},"fnMap":{},"branchMap":{},"s":{"0":1},"f":{},"b":{},"_coverageSchema":"43e27e138ebf9cfc5966b082cf9a028302ed4184","hash":"06a79d4025ecd837fc9d3cab0f45c11f2ae18d65"}
,"/Users/kristenhallstrom/Documents/turing/mod4/dragMe/DragMe-FE/components/helper.js": {"path":"/Users/kristenhallstrom/Documents/turing/mod4/dragMe/DragMe-FE/components/helper.js","statementMap":{"0":{"start":{"line":3,"column":25},"end":{"line":9,"column":1}},"1":{"start":{"line":4,"column":20},"end":{"line":7,"column":15}},"2":{"start":{"line":8,"column":2},"end":{"line":8,"column":59}},"3":{"start":{"line":11,"column":25},"end":{"line":21,"column":1}},"4":{"start":{"line":12,"column":24},"end":{"line":13,"column":64}},"5":{"start":{"line":14,"column":18},"end":{"line":14,"column":55}},"6":{"start":{"line":15,"column":2},"end":{"line":19,"column":3}},"7":{"start":{"line":16,"column":20},"end":{"line":16,"column":39}},"8":{"start":{"line":17,"column":4},"end":{"line":17,"column":22}},"9":{"start":{"line":18,"column":4},"end":{"line":18,"column":35}},"10":{"start":{"line":20,"column":2},"end":{"line":20,"column":19}},"11":{"start":{"line":23,"column":27},"end":{"line":31,"column":1}},"12":{"start":{"line":24,"column":18},"end":{"line":24,"column":49}},"13":{"start":{"line":25,"column":2},"end":{"line":29,"column":3}},"14":{"start":{"line":26,"column":20},"end":{"line":26,"column":39}},"15":{"start":{"line":27,"column":4},"end":{"line":27,"column":22}},"16":{"start":{"line":28,"column":4},"end":{"line":28,"column":35}},"17":{"start":{"line":30,"column":2},"end":{"line":30,"column":18}}},"fnMap":{"0":{"name":"(anonymous_0)","decl":{"start":{"line":3,"column":25},"end":{"line":3,"column":26}},"loc":{"start":{"line":3,"column":38},"end":{"line":9,"column":1}},"line":3},"1":{"name":"(anonymous_1)","decl":{"start":{"line":11,"column":25},"end":{"line":11,"column":26}},"loc":{"start":{"line":11,"column":36},"end":{"line":21,"column":1}},"line":11},"2":{"name":"(anonymous_2)","decl":{"start":{"line":23,"column":27},"end":{"line":23,"column":28}},"loc":{"start":{"line":23,"column":40},"end":{"line":31,"column":1}},"line":23}},"branchMap":{"0":{"loc":{"start":{"line":15,"column":2},"end":{"line":19,"column":3}},"type":"if","locations":[{"start":{"line":15,"column":2},"end":{"line":19,"column":3}},{"start":{"line":15,"column":2},"end":{"line":19,"column":3}}],"line":15},"1":{"loc":{"start":{"line":25,"column":2},"end":{"line":29,"column":3}},"type":"if","locations":[{"start":{"line":25,"column":2},"end":{"line":29,"column":3}},{"start":{"line":25,"column":2},"end":{"line":29,"column":3}}],"line":25}},"s":{"0":1,"1":0,"2":0,"3":1,"4":0,"5":0,"6":0,"7":0,"8":0,"9":0,"10":0,"11":1,"12":0,"13":0,"14":0,"15":0,"16":0,"17":0},"f":{"0":0,"1":0,"2":0},"b":{"0":[0,0],"1":[0,0]},"_coverageSchema":"43e27e138ebf9cfc5966b082cf9a028302ed4184","hash":"bef30521e102be32a0993fc698061378ece57303"}
,"/Users/kristenhallstrom/Documents/turing/mod4/dragMe/DragMe-FE/constants/Colors.js": {"path":"/Users/kristenhallstrom/Documents/turing/mod4/dragMe/DragMe-FE/constants/Colors.js","statementMap":{"0":{"start":{"line":1,"column":18},"end":{"line":1,"column":27}},"1":{"start":{"line":2,"column":30},"end":{"line":2,"column":39}},"2":{"start":{"line":3,"column":28},"end":{"line":3,"column":37}},"3":{"start":{"line":4,"column":27},"end":{"line":4,"column":36}}},"fnMap":{},"branchMap":{},"s":{"0":1,"1":1,"2":1,"3":1},"f":{},"b":{},"_coverageSchema":"43e27e138ebf9cfc5966b082cf9a028302ed4184","hash":"146a934baa621a7242ca2d86974d2f01c5e32e5e"}
,"/Users/kristenhallstrom/Documents/turing/mod4/dragMe/DragMe-FE/constants/mainStyles.js": {"path":"/Users/kristenhallstrom/Documents/turing/mod4/dragMe/DragMe-FE/constants/mainStyles.js","statementMap":{"0":{"start":{"line":4,"column":26},"end":{"line":28,"column":2}}},"fnMap":{},"branchMap":{},"s":{"0":1},"f":{},"b":{},"_coverageSchema":"43e27e138ebf9cfc5966b082cf9a028302ed4184","hash":"1db0b73513d31a0796660bf4ad237c4ea195855f"}
,"/Users/kristenhallstrom/Documents/turing/mod4/dragMe/DragMe-FE/reducers/errorReducer.js": {"path":"/Users/kristenhallstrom/Documents/turing/mod4/dragMe/DragMe-FE/reducers/errorReducer.js","statementMap":{"0":{"start":{"line":1,"column":28},"end":{"line":9,"column":1}},"1":{"start":{"line":2,"column":2},"end":{"line":8,"column":3}},"2":{"start":{"line":4,"column":6},"end":{"line":4,"column":26}},"3":{"start":{"line":7,"column":6},"end":{"line":7,"column":19}}},"fnMap":{"0":{"name":"(anonymous_0)","decl":{"start":{"line":1,"column":28},"end":{"line":1,"column":29}},"loc":{"start":{"line":1,"column":52},"end":{"line":9,"column":1}},"line":1}},"branchMap":{"0":{"loc":{"start":{"line":1,"column":29},"end":{"line":1,"column":39}},"type":"default-arg","locations":[{"start":{"line":1,"column":37},"end":{"line":1,"column":39}}],"line":1},"1":{"loc":{"start":{"line":2,"column":2},"end":{"line":8,"column":3}},"type":"switch","locations":[{"start":{"line":3,"column":4},"end":{"line":4,"column":26}},{"start":{"line":6,"column":4},"end":{"line":7,"column":19}}],"line":2}},"s":{"0":1,"1":2,"2":1,"3":1},"f":{"0":2},"b":{"0":[1],"1":[1,1]},"_coverageSchema":"43e27e138ebf9cfc5966b082cf9a028302ed4184","hash":"353fc3e0d1084153048ed6d5df20267def7e956c"}
,"/Users/kristenhallstrom/Documents/turing/mod4/dragMe/DragMe-FE/reducers/loadingReducer.js": {"path":"/Users/kristenhallstrom/Documents/turing/mod4/dragMe/DragMe-FE/reducers/loadingReducer.js","statementMap":{"0":{"start":{"line":1,"column":30},"end":{"line":9,"column":1}},"1":{"start":{"line":2,"column":2},"end":{"line":8,"column":3}},"2":{"start":{"line":4,"column":6},"end":{"line":4,"column":25}},"3":{"start":{"line":7,"column":6},"end":{"line":7,"column":19}}},"fnMap":{"0":{"name":"(anonymous_0)","decl":{"start":{"line":1,"column":30},"end":{"line":1,"column":31}},"loc":{"start":{"line":1,"column":57},"end":{"line":9,"column":1}},"line":1}},"branchMap":{"0":{"loc":{"start":{"line":1,"column":31},"end":{"line":1,"column":44}},"type":"default-arg","locations":[{"start":{"line":1,"column":39},"end":{"line":1,"column":44}}],"line":1},"1":{"loc":{"start":{"line":2,"column":2},"end":{"line":8,"column":3}},"type":"switch","locations":[{"start":{"line":3,"column":4},"end":{"line":4,"column":25}},{"start":{"line":6,"column":4},"end":{"line":7,"column":19}}],"line":2}},"s":{"0":1,"1":2,"2":1,"3":1},"f":{"0":2},"b":{"0":[2],"1":[1,1]},"_coverageSchema":"43e27e138ebf9cfc5966b082cf9a028302ed4184","hash":"e8d3fbbb59741a16bf6481f6bfe0bb4200c87789"}
,"/Users/kristenhallstrom/Documents/turing/mod4/dragMe/DragMe-FE/reducers/showsReducer.js": {"path":"/Users/kristenhallstrom/Documents/turing/mod4/dragMe/DragMe-FE/reducers/showsReducer.js","statementMap":{"0":{"start":{"line":1,"column":28},"end":{"line":9,"column":1}},"1":{"start":{"line":2,"column":2},"end":{"line":8,"column":3}},"2":{"start":{"line":4,"column":6},"end":{"line":4,"column":25}},"3":{"start":{"line":7,"column":6},"end":{"line":7,"column":19}}},"fnMap":{"0":{"name":"(anonymous_0)","decl":{"start":{"line":1,"column":28},"end":{"line":1,"column":29}},"loc":{"start":{"line":1,"column":52},"end":{"line":9,"column":1}},"line":1}},"branchMap":{"0":{"loc":{"start":{"line":1,"column":29},"end":{"line":1,"column":39}},"type":"default-arg","locations":[{"start":{"line":1,"column":37},"end":{"line":1,"column":39}}],"line":1},"1":{"loc":{"start":{"line":2,"column":2},"end":{"line":8,"column":3}},"type":"switch","locations":[{"start":{"line":3,"column":4},"end":{"line":4,"column":25}},{"start":{"line":6,"column":5},"end":{"line":7,"column":19}}],"line":2}},"s":{"0":1,"1":2,"2":1,"3":1},"f":{"0":2},"b":{"0":[1],"1":[1,1]},"_coverageSchema":"43e27e138ebf9cfc5966b082cf9a028302ed4184","hash":"004d3c881db0247516e4c6600b8ae129bfa6f4a0"}
,"/Users/kristenhallstrom/Documents/turing/mod4/dragMe/DragMe-FE/screens/ResultsScreen.js": {"path":"/Users/kristenhallstrom/Documents/turing/mod4/dragMe/DragMe-FE/screens/ResultsScreen.js","statementMap":{"0":{"start":{"line":12,"column":4},"end":{"line":12,"column":16}},"1":{"start":{"line":16,"column":4},"end":{"line":16,"column":27}},"2":{"start":{"line":20,"column":22},"end":{"line":20,"column":32}},"3":{"start":{"line":21,"column":26},"end":{"line":21,"column":36}},"4":{"start":{"line":22,"column":20},"end":{"line":29,"column":60}},"5":{"start":{"line":24,"column":6},"end":{"line":27,"column":8}},"6":{"start":{"line":31,"column":4},"end":{"line":31,"column":80}},"7":{"start":{"line":35,"column":0},"end":{"line":35,"column":41}},"8":{"start":{"line":37,"column":31},"end":{"line":39,"column":2}},"9":{"start":{"line":37,"column":43},"end":{"line":39,"column":1}},"10":{"start":{"line":41,"column":34},"end":{"line":43,"column":2}},"11":{"start":{"line":41,"column":49},"end":{"line":43,"column":1}},"12":{"start":{"line":42,"column":23},"end":{"line":42,"column":50}}},"fnMap":{"0":{"name":"(anonymous_0)","decl":{"start":{"line":11,"column":2},"end":{"line":11,"column":3}},"loc":{"start":{"line":11,"column":21},"end":{"line":13,"column":3}},"line":11},"1":{"name":"(anonymous_1)","decl":{"start":{"line":15,"column":2},"end":{"line":15,"column":3}},"loc":{"start":{"line":15,"column":22},"end":{"line":17,"column":3}},"line":15},"2":{"name":"(anonymous_2)","decl":{"start":{"line":19,"column":2},"end":{"line":19,"column":3}},"loc":{"start":{"line":19,"column":11},"end":{"line":32,"column":3}},"line":19},"3":{"name":"(anonymous_3)","decl":{"start":{"line":23,"column":16},"end":{"line":23,"column":17}},"loc":{"start":{"line":24,"column":6},"end":{"line":27,"column":8}},"line":24},"4":{"name":"(anonymous_4)","decl":{"start":{"line":37,"column":31},"end":{"line":37,"column":32}},"loc":{"start":{"line":37,"column":43},"end":{"line":39,"column":1}},"line":37},"5":{"name":"(anonymous_5)","decl":{"start":{"line":41,"column":34},"end":{"line":41,"column":35}},"loc":{"start":{"line":41,"column":49},"end":{"line":43,"column":1}},"line":41},"6":{"name":"(anonymous_6)","decl":{"start":{"line":42,"column":14},"end":{"line":42,"column":15}},"loc":{"start":{"line":42,"column":23},"end":{"line":42,"column":50}},"line":42}},"branchMap":{"0":{"loc":{"start":{"line":22,"column":20},"end":{"line":29,"column":60}},"type":"cond-expr","locations":[{"start":{"line":23,"column":6},"end":{"line":28,"column":8}},{"start":{"line":29,"column":6},"end":{"line":29,"column":60}}],"line":22}},"s":{"0":4,"1":4,"2":4,"3":4,"4":4,"5":6,"6":4,"7":1,"8":1,"9":0,"10":1,"11":0,"12":0},"f":{"0":4,"1":4,"2":4,"3":6,"4":0,"5":0,"6":0},"b":{"0":[3,1]},"_coverageSchema":"43e27e138ebf9cfc5966b082cf9a028302ed4184","hash":"224d1e2404efc127765f6be58484aacd67eb884d"}
,"/Users/kristenhallstrom/Documents/turing/mod4/dragMe/DragMe-FE/thunks/fetchShows.js": {"path":"/Users/kristenhallstrom/Documents/turing/mod4/dragMe/DragMe-FE/thunks/fetchShows.js","statementMap":{"0":{"start":{"line":3,"column":26},"end":{"line":20,"column":1}},"1":{"start":{"line":4,"column":2},"end":{"line":19,"column":4}},"2":{"start":{"line":5,"column":16},"end":{"line":5,"column":58}},"3":{"start":{"line":7,"column":4},"end":{"line":18,"column":5}},"4":{"start":{"line":8,"column":6},"end":{"line":8,"column":32}},"5":{"start":{"line":9,"column":23},"end":{"line":9,"column":39}},"6":{"start":{"line":10,"column":6},"end":{"line":12,"column":7}},"7":{"start":{"line":11,"column":8},"end":{"line":11,"column":41}},"8":{"start":{"line":13,"column":20},"end":{"line":13,"column":41}},"9":{"start":{"line":14,"column":6},"end":{"line":14,"column":40}},"10":{"start":{"line":15,"column":6},"end":{"line":15,"column":33}},"11":{"start":{"line":17,"column":6},"end":{"line":17,"column":38}}},"fnMap":{"0":{"name":"(anonymous_0)","decl":{"start":{"line":3,"column":26},"end":{"line":3,"column":27}},"loc":{"start":{"line":3,"column":32},"end":{"line":20,"column":1}},"line":3},"1":{"name":"(anonymous_1)","decl":{"start":{"line":4,"column":9},"end":{"line":4,"column":10}},"loc":{"start":{"line":4,"column":27},"end":{"line":19,"column":3}},"line":4}},"branchMap":{"0":{"loc":{"start":{"line":10,"column":6},"end":{"line":12,"column":7}},"type":"if","locations":[{"start":{"line":10,"column":6},"end":{"line":12,"column":7}},{"start":{"line":10,"column":6},"end":{"line":12,"column":7}}],"line":10}},"s":{"0":1,"1":0,"2":0,"3":0,"4":0,"5":0,"6":0,"7":0,"8":0,"9":0,"10":0,"11":0},"f":{"0":0,"1":0},"b":{"0":[0,0]},"_coverageSchema":"43e27e138ebf9cfc5966b082cf9a028302ed4184","hash":"c3b94d29820e880e78c046b04844339f94e20438"}
}
